INFO:     Started server process [13437]
INFO:     Waiting for application startup.
INFO:     Application startup complete.
INFO:     Uvicorn running on http://0.0.0.0:8000 (Press CTRL+C to quit)
INFO:     127.0.0.1:33764 - "GET /health HTTP/1.1" 200 OK
INFO:     127.0.0.1:33460 - "OPTIONS /signup HTTP/1.1" 200 OK
INFO:     127.0.0.1:33476 - "POST /signup HTTP/1.1" 500 Internal Server Error
ERROR:    Exception in ASGI application
Traceback (most recent call last):
  File "/data/data/com.termux/files/usr/lib/python3.13/site-packages/supabase_auth/_sync/gotrue_base_api.py", line 73, in _request
    response.raise_for_status()
    ~~~~~~~~~~~~~~~~~~~~~~~~~^^
  File "/data/data/com.termux/files/usr/lib/python3.13/site-packages/httpx/_models.py", line 829, in raise_for_status
    raise HTTPStatusError(message, request=request, response=self)
httpx.HTTPStatusError: Client error '429 Too Many Requests' for url 'https://dcyafxdcmrxivifbddfw.supabase.co/auth/v1/signup'
For more information check: https://developer.mozilla.org/en-US/docs/Web/HTTP/Status/429

During handling of the above exception, another exception occurred:

Traceback (most recent call last):
  File "/data/data/com.termux/files/usr/lib/python3.13/site-packages/uvicorn/protocols/http/h11_impl.py", line 410, in run_asgi
    result = await app(  # type: ignore[func-returns-value]
             ^^^^^^^^^^^^^^^^^^^^^^^^^^^^^^^^^^^^^^^^^^^^^^
        self.scope, self.receive, self.send
        ^^^^^^^^^^^^^^^^^^^^^^^^^^^^^^^^^^^
    )
    ^
  File "/data/data/com.termux/files/usr/lib/python3.13/site-packages/uvicorn/middleware/proxy_headers.py", line 60, in __call__
    return await self.app(scope, receive, send)
           ^^^^^^^^^^^^^^^^^^^^^^^^^^^^^^^^^^^^
  File "/data/data/com.termux/files/usr/lib/python3.13/site-packages/fastapi/applications.py", line 1160, in __call__
    await super().__call__(scope, receive, send)
  File "/data/data/com.termux/files/usr/lib/python3.13/site-packages/starlette/applications.py", line 107, in __call__
    await self.middleware_stack(scope, receive, send)
  File "/data/data/com.termux/files/usr/lib/python3.13/site-packages/starlette/middleware/errors.py", line 186, in __call__
    raise exc
  File "/data/data/com.termux/files/usr/lib/python3.13/site-packages/starlette/middleware/errors.py", line 164, in __call__
    await self.app(scope, receive, _send)
  File "/data/data/com.termux/files/usr/lib/python3.13/site-packages/starlette/middleware/cors.py", line 95, in __call__
    await self.simple_response(scope, receive, send, request_headers=headers)
  File "/data/data/com.termux/files/usr/lib/python3.13/site-packages/starlette/middleware/cors.py", line 153, in simple_response
    await self.app(scope, receive, send)
  File "/data/data/com.termux/files/usr/lib/python3.13/site-packages/starlette/middleware/exceptions.py", line 63, in __call__
    await wrap_app_handling_exceptions(self.app, conn)(scope, receive, send)
  File "/data/data/com.termux/files/usr/lib/python3.13/site-packages/starlette/_exception_handler.py", line 53, in wrapped_app
    raise exc
  File "/data/data/com.termux/files/usr/lib/python3.13/site-packages/starlette/_exception_handler.py", line 42, in wrapped_app
    await app(scope, receive, sender)
  File "/data/data/com.termux/files/usr/lib/python3.13/site-packages/fastapi/middleware/asyncexitstack.py", line 18, in __call__
    await self.app(scope, receive, send)
  File "/data/data/com.termux/files/usr/lib/python3.13/site-packages/starlette/routing.py", line 716, in __call__
    await self.middleware_stack(scope, receive, send)
  File "/data/data/com.termux/files/usr/lib/python3.13/site-packages/starlette/routing.py", line 736, in app
    await route.handle(scope, receive, send)
  File "/data/data/com.termux/files/usr/lib/python3.13/site-packages/starlette/routing.py", line 290, in handle
    await self.app(scope, receive, send)
  File "/data/data/com.termux/files/usr/lib/python3.13/site-packages/fastapi/routing.py", line 130, in app
    await wrap_app_handling_exceptions(app, request)(scope, receive, send)
  File "/data/data/com.termux/files/usr/lib/python3.13/site-packages/starlette/_exception_handler.py", line 53, in wrapped_app
    raise exc
  File "/data/data/com.termux/files/usr/lib/python3.13/site-packages/starlette/_exception_handler.py", line 42, in wrapped_app
    await app(scope, receive, sender)
  File "/data/data/com.termux/files/usr/lib/python3.13/site-packages/fastapi/routing.py", line 116, in app
    response = await f(request)
               ^^^^^^^^^^^^^^^^
  File "/data/data/com.termux/files/usr/lib/python3.13/site-packages/fastapi/routing.py", line 670, in app
    raw_response = await run_endpoint_function(
                   ^^^^^^^^^^^^^^^^^^^^^^^^^^^^
    ...<3 lines>...
    )
    ^
  File "/data/data/com.termux/files/usr/lib/python3.13/site-packages/fastapi/routing.py", line 324, in run_endpoint_function
    return await dependant.call(**values)
           ^^^^^^^^^^^^^^^^^^^^^^^^^^^^^^
  File "/data/data/com.termux/files/home/vipersniper/backend/api/auth.py", line 19, in signup
    res=supabase.auth.sign_up({
        "email":data.email,
        "password":data.password
    })
  File "/data/data/com.termux/files/usr/lib/python3.13/site-packages/supabase_auth/_sync/gotrue_client.py", line 248, in sign_up
    response = self._request(
        "POST",
    ...<9 lines>...
        redirect_to=redirect_to,
    )
  File "/data/data/com.termux/files/usr/lib/python3.13/site-packages/supabase_auth/_sync/gotrue_base_api.py", line 76, in _request
    raise handle_exception(e)  # noqa
    ^^^^^^^^^^^^^^^^^^^^^^^^^
supabase_auth.errors.AuthApiError: email rate limit exceeded
INFO:     127.0.0.1:46674 - "GET /listings HTTP/1.1" 200 OK
INFO:     127.0.0.1:40454 - "GET /listings HTTP/1.1" 200 OK
INFO:     127.0.0.1:38106 - "GET /listings HTTP/1.1" 200 OK
